<?xml version="1.0" encoding="UTF-8"?>
<!-- Generated by org.testng.reporters.JUnitReportReporter -->
<testsuite skipped="0" hostname="SrimanthKare" name="pagetestcodes.LoginpageTest" tests="1" failures="0" timestamp="2020-12-28T14:53:23 IST" time="19.443" errors="0">
  <testcase name="login" time="19.443" classname="pagetestcodes.LoginpageTest"/>
</testsuite> <!-- pagetestcodes.LoginpageTest -->
