<?xml version="1.0" encoding="UTF-8"?>
<!-- Generated by org.testng.reporters.JUnitReportReporter -->
<testsuite hostname="DESKTOP-6EFHV11" failures="0" tests="1" name="pagetestcodes.ChekingNavigationBarinhomepageTest" time="4.983" errors="0" timestamp="2020-12-26T18:10:50 IST" skipped="0">
  <testcase classname="pagetestcodes.ChekingNavigationBarinhomepageTest" name="checknavigationbar" time="4.983"/>
</testsuite> <!-- pagetestcodes.ChekingNavigationBarinhomepageTest -->
